2021-12-31 10:53:13 0 [Note] InnoDB: Mutexes and rw_locks use Windows interlocked functions
2021-12-31 10:53:13 0 [Note] InnoDB: Uses event mutexes
2021-12-31 10:53:13 0 [Note] InnoDB: Compressed tables use zlib 1.2.11
2021-12-31 10:53:13 0 [Note] InnoDB: Number of pools: 1
2021-12-31 10:53:13 0 [Note] InnoDB: Using SSE2 crc32 instructions
2021-12-31 10:53:13 0 [Note] InnoDB: Initializing buffer pool, total size = 16M, instances = 1, chunk size = 16M
2021-12-31 10:53:13 0 [Note] InnoDB: Completed initialization of buffer pool
2021-12-31 10:53:13 0 [Note] InnoDB: Starting crash recovery from checkpoint LSN=300288
2021-12-31 10:53:13 0 [Note] InnoDB: 128 out of 128 rollback segments are active.
2021-12-31 10:53:13 0 [Note] InnoDB: Removed temporary tablespace data file: "ibtmp1"
2021-12-31 10:53:13 0 [Note] InnoDB: Creating shared tablespace for temporary tables
2021-12-31 10:53:13 0 [Note] InnoDB: Setting file 'C:\xampp\mysql\data\ibtmp1' size to 12 MB. Physically writing the file full; Please wait ...
2021-12-31 10:53:13 0 [Note] InnoDB: File 'C:\xampp\mysql\data\ibtmp1' size is now 12 MB.
2021-12-31 10:53:13 0 [Note] InnoDB: Waiting for purge to start
2021-12-31 10:53:13 0 [Note] InnoDB: 10.4.22 started; log sequence number 300297; transaction id 170
2021-12-31 10:53:13 0 [Note] InnoDB: Loading buffer pool(s) from C:\xampp\mysql\data\ib_buffer_pool
2021-12-31 10:53:13 0 [Note] Plugin 'FEEDBACK' is disabled.
2021-12-31 10:53:13 0 [Note] InnoDB: Buffer pool(s) load completed at 211231 10:53:13
2021-12-31 10:53:13 0 [Note] Server socket created on IP: '::'.
2021-12-31 20:42:42 0 [Warning] The parameter innodb_large_prefix is deprecated and has no effect. It may be removed in future releases. See https://mariadb.com/kb/en/library/xtradbinnodb-file-format/
InnoDB: using atomic writes.
2021-12-31 20:42:42 0 [Note] InnoDB: Mutexes and rw_locks use Windows interlocked functions
2021-12-31 20:42:42 0 [Note] InnoDB: Uses event mutexes
2021-12-31 20:42:42 0 [Note] InnoDB: Compressed tables use zlib 1.2.11
2021-12-31 20:42:42 0 [Note] InnoDB: Number of pools: 1
2021-12-31 20:42:42 0 [Note] InnoDB: Using SSE2 crc32 instructions
2021-12-31 20:42:42 0 [Note] InnoDB: Initializing buffer pool, total size = 256M, instances = 1, chunk size = 128M
2021-12-31 20:42:42 0 [Note] InnoDB: Completed initialization of buffer pool
2021-12-31 20:42:42 0 [Note] InnoDB: Starting crash recovery from checkpoint LSN=301405
2021-12-31 20:42:42 0 [Note] InnoDB: Resizing redo log from 2*5242880 to 2*67108864 bytes; LSN=301423
2021-12-31 20:42:42 0 [Note] InnoDB: Starting to delete and rewrite log files.
2021-12-31 20:42:42 0 [Note] InnoDB: Setting log file \xampp\mysql\data\ib_logfile101 size to 67108864 bytes
2021-12-31 20:42:42 0 [Note] InnoDB: Setting log file \xampp\mysql\data\ib_logfile1 size to 67108864 bytes
2021-12-31 20:42:42 0 [Note] InnoDB: Renaming log file \xampp\mysql\data\ib_logfile101 to \xampp\mysql\data\ib_logfile0
2021-12-31 20:42:42 0 [Note] InnoDB: New log files created, LSN=301423
2021-12-31 20:42:42 0 [Note] InnoDB: 128 out of 128 rollback segments are active.
2021-12-31 20:42:42 0 [Note] InnoDB: Removed temporary tablespace data file: "ibtmp1"
2021-12-31 20:42:42 0 [Note] InnoDB: Creating shared tablespace for temporary tables
2021-12-31 20:42:42 0 [Note] InnoDB: Setting file '\xampp\mysql\data\ibtmp1' size to 12 MB. Physically writing the file full; Please wait ...
2021-12-31 20:42:42 0 [Note] InnoDB: File '\xampp\mysql\data\ibtmp1' size is now 12 MB.
2021-12-31 20:42:42 0 [Note] InnoDB: Waiting for purge to start
2021-12-31 20:42:42 0 [Note] InnoDB: 10.4.8 started; log sequence number 301423; transaction id 198
2021-12-31 20:42:42 0 [Note] InnoDB: Loading buffer pool(s) from C:\xampp\mysql\data\ib_buffer_pool
2021-12-31 20:42:42 0 [Note] Plugin 'FEEDBACK' is disabled.
2021-12-31 20:42:42 0 [Note] InnoDB: Buffer pool(s) load completed at 211231 20:42:42
2021-12-31 20:42:42 0 [Note] Server socket created on IP: '::'.
2022-01-03 13:33:03 0 [Note] InnoDB: Mutexes and rw_locks use Windows interlocked functions
2022-01-03 13:33:03 0 [Note] InnoDB: Uses event mutexes
2022-01-03 13:33:03 0 [Note] InnoDB: Compressed tables use zlib 1.2.11
2022-01-03 13:33:03 0 [Note] InnoDB: Number of pools: 1
2022-01-03 13:33:03 0 [Note] InnoDB: Using SSE2 crc32 instructions
2022-01-03 13:33:03 0 [Note] InnoDB: Initializing buffer pool, total size = 16M, instances = 1, chunk size = 16M
2022-01-03 13:33:03 0 [Note] InnoDB: Completed initialization of buffer pool
2022-01-03 13:33:03 0 [Note] InnoDB: Starting crash recovery from checkpoint LSN=13303915
2022-01-03 13:33:03 0 [Note] InnoDB: Resizing redo log from 2*67108864 to 2*5242880 bytes; LSN=13303933
2022-01-03 13:33:03 0 [Note] InnoDB: Starting to delete and rewrite log files.
2022-01-03 13:33:03 0 [Note] InnoDB: Setting log file C:\xampp\mysql\data\ib_logfile101 size to 5242880 bytes
2022-01-03 13:33:03 0 [Note] InnoDB: Setting log file C:\xampp\mysql\data\ib_logfile1 size to 5242880 bytes
2022-01-03 13:33:03 0 [Note] InnoDB: Renaming log file C:\xampp\mysql\data\ib_logfile101 to C:\xampp\mysql\data\ib_logfile0
2022-01-03 13:33:03 0 [Note] InnoDB: New log files created, LSN=13303933
2022-01-03 13:33:05 0 [Note] InnoDB: 128 out of 128 rollback segments are active.
2022-01-03 13:33:05 0 [Note] InnoDB: Removed temporary tablespace data file: "ibtmp1"
2022-01-03 13:33:05 0 [Note] InnoDB: Creating shared tablespace for temporary tables
2022-01-03 13:33:05 0 [Note] InnoDB: Setting file 'C:\xampp\mysql\data\ibtmp1' size to 12 MB. Physically writing the file full; Please wait ...
2022-01-03 13:33:05 0 [Note] InnoDB: File 'C:\xampp\mysql\data\ibtmp1' size is now 12 MB.
2022-01-03 13:33:05 0 [Note] InnoDB: Waiting for purge to start
2022-01-03 13:33:05 0 [Note] InnoDB: 10.4.22 started; log sequence number 13303933; transaction id 26831
2022-01-03 13:33:05 0 [Note] InnoDB: Loading buffer pool(s) from C:\xampp\mysql\data\ib_buffer_pool
2022-01-03 13:33:05 0 [Note] Plugin 'FEEDBACK' is disabled.
2022-01-03 13:33:05 0 [Note] InnoDB: Buffer pool(s) load completed at 220103 13:33:05
2022-01-03 13:33:05 0 [Note] Server socket created on IP: '::'.
2022-01-03 16:45:43 0 [Note] InnoDB: Mutexes and rw_locks use Windows interlocked functions
2022-01-03 16:45:43 0 [Note] InnoDB: Uses event mutexes
2022-01-03 16:45:43 0 [Note] InnoDB: Compressed tables use zlib 1.2.11
2022-01-03 16:45:43 0 [Note] InnoDB: Number of pools: 1
2022-01-03 16:45:43 0 [Note] InnoDB: Using SSE2 crc32 instructions
2022-01-03 16:45:43 0 [Note] InnoDB: Initializing buffer pool, total size = 16M, instances = 1, chunk size = 16M
2022-01-03 16:45:43 0 [Note] InnoDB: Completed initialization of buffer pool
2022-01-03 16:45:43 0 [Note] InnoDB: Starting crash recovery from checkpoint LSN=13537761
2022-01-03 16:45:45 0 [Note] InnoDB: 128 out of 128 rollback segments are active.
2022-01-03 16:45:45 0 [Note] InnoDB: Removed temporary tablespace data file: "ibtmp1"
2022-01-03 16:45:45 0 [Note] InnoDB: Creating shared tablespace for temporary tables
2022-01-03 16:45:45 0 [Note] InnoDB: Setting file 'C:\xampp\mysql\data\ibtmp1' size to 12 MB. Physically writing the file full; Please wait ...
2022-01-03 16:45:45 0 [Note] InnoDB: File 'C:\xampp\mysql\data\ibtmp1' size is now 12 MB.
2022-01-03 16:45:45 0 [Note] InnoDB: Waiting for purge to start
2022-01-03 16:45:45 0 [Note] InnoDB: 10.4.22 started; log sequence number 13537770; transaction id 27700
2022-01-03 16:45:45 0 [Note] InnoDB: Loading buffer pool(s) from C:\xampp\mysql\data\ib_buffer_pool
2022-01-03 16:45:45 0 [Note] Plugin 'FEEDBACK' is disabled.
2022-01-03 16:45:45 0 [Note] InnoDB: Buffer pool(s) load completed at 220103 16:45:45
2022-01-03 16:45:45 0 [Note] Server socket created on IP: '::'.
2022-01-03 16:57:51 0 [Note] InnoDB: Mutexes and rw_locks use Windows interlocked functions
2022-01-03 16:57:51 0 [Note] InnoDB: Uses event mutexes
2022-01-03 16:57:51 0 [Note] InnoDB: Compressed tables use zlib 1.2.11
2022-01-03 16:57:51 0 [Note] InnoDB: Number of pools: 1
2022-01-03 16:57:51 0 [Note] InnoDB: Using SSE2 crc32 instructions
2022-01-03 16:57:51 0 [Note] InnoDB: Initializing buffer pool, total size = 16M, instances = 1, chunk size = 16M
2022-01-03 16:57:51 0 [Note] InnoDB: Completed initialization of buffer pool
2022-01-03 16:57:51 0 [Note] InnoDB: Starting crash recovery from checkpoint LSN=13544608
2022-01-03 16:57:51 0 [Note] InnoDB: 128 out of 128 rollback segments are active.
2022-01-03 16:57:51 0 [Note] InnoDB: Removed temporary tablespace data file: "ibtmp1"
2022-01-03 16:57:51 0 [Note] InnoDB: Creating shared tablespace for temporary tables
2022-01-03 16:57:51 0 [Note] InnoDB: Setting file 'C:\xampp\mysql\data\ibtmp1' size to 12 MB. Physically writing the file full; Please wait ...
2022-01-03 16:57:51 0 [Note] InnoDB: File 'C:\xampp\mysql\data\ibtmp1' size is now 12 MB.
2022-01-03 16:57:51 0 [Note] InnoDB: Waiting for purge to start
2022-01-03 16:57:51 0 [Note] InnoDB: 10.4.22 started; log sequence number 13544617; transaction id 28159
2022-01-03 16:57:51 0 [Note] InnoDB: Loading buffer pool(s) from C:\xampp\mysql\data\ib_buffer_pool
2022-01-03 16:57:51 0 [Note] Plugin 'FEEDBACK' is disabled.
2022-01-03 16:57:51 0 [Note] Server socket created on IP: '::'.
2022-01-03 17:00:05 0 [Note] InnoDB: Mutexes and rw_locks use Windows interlocked functions
2022-01-03 17:00:05 0 [Note] InnoDB: Uses event mutexes
2022-01-03 17:00:05 0 [Note] InnoDB: Compressed tables use zlib 1.2.11
2022-01-03 17:00:05 0 [Note] InnoDB: Number of pools: 1
2022-01-03 17:00:05 0 [Note] InnoDB: Using SSE2 crc32 instructions
2022-01-03 17:00:05 0 [Note] InnoDB: Initializing buffer pool, total size = 16M, instances = 1, chunk size = 16M
2022-01-03 17:00:05 0 [Note] InnoDB: Completed initialization of buffer pool
2022-01-03 17:00:05 0 [Note] InnoDB: Starting crash recovery from checkpoint LSN=17121105
2022-01-03 17:00:05 0 [Note] InnoDB: 128 out of 128 rollback segments are active.
2022-01-03 17:00:05 0 [Note] InnoDB: Removed temporary tablespace data file: "ibtmp1"
2022-01-03 17:00:05 0 [Note] InnoDB: Creating shared tablespace for temporary tables
2022-01-03 17:00:05 0 [Note] InnoDB: Setting file 'C:\xampp\mysql\data\ibtmp1' size to 12 MB. Physically writing the file full; Please wait ...
2022-01-03 17:00:05 0 [Note] InnoDB: File 'C:\xampp\mysql\data\ibtmp1' size is now 12 MB.
2022-01-03 17:00:05 0 [Note] InnoDB: Waiting for purge to start
2022-01-03 17:00:05 0 [Note] InnoDB: 10.4.22 started; log sequence number 17121114; transaction id 31294
2022-01-03 17:00:05 0 [Note] InnoDB: Loading buffer pool(s) from C:\xampp\mysql\data\ib_buffer_pool
2022-01-03 17:00:05 0 [Note] Plugin 'FEEDBACK' is disabled.
2022-01-03 17:00:05 0 [Note] Server socket created on IP: '::'.
2022-01-03 17:07:19 0 [Note] InnoDB: Mutexes and rw_locks use Windows interlocked functions
2022-01-03 17:07:19 0 [Note] InnoDB: Uses event mutexes
2022-01-03 17:07:19 0 [Note] InnoDB: Compressed tables use zlib 1.2.11
2022-01-03 17:07:19 0 [Note] InnoDB: Number of pools: 1
2022-01-03 17:07:19 0 [Note] InnoDB: Using SSE2 crc32 instructions
2022-01-03 17:07:19 0 [Note] InnoDB: Initializing buffer pool, total size = 16M, instances = 1, chunk size = 16M
2022-01-03 17:07:19 0 [Note] InnoDB: Completed initialization of buffer pool
2022-01-03 17:07:19 0 [Note] InnoDB: Starting crash recovery from checkpoint LSN=17121522
2022-01-03 17:07:19 0 [Note] InnoDB: 128 out of 128 rollback segments are active.
2022-01-03 17:07:19 0 [Note] InnoDB: Removed temporary tablespace data file: "ibtmp1"
2022-01-03 17:07:19 0 [Note] InnoDB: Creating shared tablespace for temporary tables
2022-01-03 17:07:19 0 [Note] InnoDB: Setting file 'C:\xampp\mysql\data\ibtmp1' size to 12 MB. Physically writing the file full; Please wait ...
2022-01-03 17:07:19 0 [Note] InnoDB: File 'C:\xampp\mysql\data\ibtmp1' size is now 12 MB.
2022-01-03 17:07:19 0 [Note] InnoDB: Waiting for purge to start
2022-01-03 17:07:19 0 [Note] InnoDB: 10.4.22 started; log sequence number 17121531; transaction id 31301
2022-01-03 17:07:19 0 [Note] InnoDB: Loading buffer pool(s) from C:\xampp\mysql\data\ib_buffer_pool
2022-01-03 17:07:19 0 [Note] Plugin 'FEEDBACK' is disabled.
2022-01-03 17:07:19 0 [Note] Server socket created on IP: '::'.
<<<<<<< HEAD
2022-01-03 19:18:50 0 [Note] InnoDB: Mutexes and rw_locks use Windows interlocked functions
2022-01-03 19:18:50 0 [Note] InnoDB: Uses event mutexes
2022-01-03 19:18:50 0 [Note] InnoDB: Compressed tables use zlib 1.2.11
2022-01-03 19:18:50 0 [Note] InnoDB: Number of pools: 1
2022-01-03 19:18:50 0 [Note] InnoDB: Using SSE2 crc32 instructions
2022-01-03 19:18:50 0 [Note] InnoDB: Initializing buffer pool, total size = 16M, instances = 1, chunk size = 16M
2022-01-03 19:18:50 0 [Note] InnoDB: Completed initialization of buffer pool
2022-01-03 19:18:50 0 [Note] InnoDB: Starting crash recovery from checkpoint LSN=28157735
2022-01-03 19:18:51 0 [Note] InnoDB: 128 out of 128 rollback segments are active.
2022-01-03 19:18:51 0 [Note] InnoDB: Removed temporary tablespace data file: "ibtmp1"
2022-01-03 19:18:51 0 [Note] InnoDB: Creating shared tablespace for temporary tables
2022-01-03 19:18:51 0 [Note] InnoDB: Setting file 'C:\xampp\mysql\data\ibtmp1' size to 12 MB. Physically writing the file full; Please wait ...
2022-01-03 19:18:51 0 [Note] InnoDB: File 'C:\xampp\mysql\data\ibtmp1' size is now 12 MB.
2022-01-03 19:18:51 0 [Note] InnoDB: Waiting for purge to start
2022-01-03 19:18:51 0 [Note] InnoDB: 10.4.22 started; log sequence number 28157744; transaction id 57685
2022-01-03 19:18:51 0 [Note] InnoDB: Loading buffer pool(s) from C:\xampp\mysql\data\ib_buffer_pool
2022-01-03 19:18:51 0 [Note] Plugin 'FEEDBACK' is disabled.
2022-01-03 19:18:51 0 [Note] InnoDB: Buffer pool(s) load completed at 220103 19:18:51
2022-01-03 19:18:51 0 [Note] Server socket created on IP: '::'.
2022-01-04  9:39:56 0 [Note] InnoDB: Mutexes and rw_locks use Windows interlocked functions
2022-01-04  9:39:56 0 [Note] InnoDB: Uses event mutexes
2022-01-04  9:39:56 0 [Note] InnoDB: Compressed tables use zlib 1.2.11
2022-01-04  9:39:56 0 [Note] InnoDB: Number of pools: 1
2022-01-04  9:39:56 0 [Note] InnoDB: Using SSE2 crc32 instructions
2022-01-04  9:39:56 0 [Note] InnoDB: Initializing buffer pool, total size = 16M, instances = 1, chunk size = 16M
2022-01-04  9:39:56 0 [Note] InnoDB: Completed initialization of buffer pool
2022-01-04  9:39:56 0 [Note] InnoDB: Starting crash recovery from checkpoint LSN=28461016
2022-01-04  9:39:58 0 [Note] InnoDB: 128 out of 128 rollback segments are active.
2022-01-04  9:39:58 0 [Note] InnoDB: Removed temporary tablespace data file: "ibtmp1"
2022-01-04  9:39:58 0 [Note] InnoDB: Creating shared tablespace for temporary tables
2022-01-04  9:39:58 0 [Note] InnoDB: Setting file 'C:\xampp\mysql\data\ibtmp1' size to 12 MB. Physically writing the file full; Please wait ...
2022-01-04  9:39:58 0 [Note] InnoDB: File 'C:\xampp\mysql\data\ibtmp1' size is now 12 MB.
2022-01-04  9:39:58 0 [Note] InnoDB: Waiting for purge to start
2022-01-04  9:39:58 0 [Note] InnoDB: 10.4.22 started; log sequence number 28461025; transaction id 58101
2022-01-04  9:39:58 0 [Note] InnoDB: Loading buffer pool(s) from C:\xampp\mysql\data\ib_buffer_pool
2022-01-04  9:39:58 0 [Note] Plugin 'FEEDBACK' is disabled.
2022-01-04  9:39:58 0 [Note] InnoDB: Buffer pool(s) load completed at 220104  9:39:58
2022-01-04  9:39:58 0 [Note] Server socket created on IP: '::'.
2022-01-04 20:31:01 0 [Note] InnoDB: Mutexes and rw_locks use Windows interlocked functions
2022-01-04 20:31:01 0 [Note] InnoDB: Uses event mutexes
2022-01-04 20:31:01 0 [Note] InnoDB: Compressed tables use zlib 1.2.11
2022-01-04 20:31:01 0 [Note] InnoDB: Number of pools: 1
2022-01-04 20:31:01 0 [Note] InnoDB: Using SSE2 crc32 instructions
2022-01-04 20:31:01 0 [Note] InnoDB: Initializing buffer pool, total size = 16M, instances = 1, chunk size = 16M
2022-01-04 20:31:01 0 [Note] InnoDB: Completed initialization of buffer pool
2022-01-04 20:31:01 0 [Note] InnoDB: Starting crash recovery from checkpoint LSN=31394082
2022-01-04 20:31:05 0 [Note] InnoDB: 128 out of 128 rollback segments are active.
2022-01-04 20:31:05 0 [Note] InnoDB: Removed temporary tablespace data file: "ibtmp1"
2022-01-04 20:31:05 0 [Note] InnoDB: Creating shared tablespace for temporary tables
2022-01-04 20:31:05 0 [Note] InnoDB: Setting file 'C:\xampp\mysql\data\ibtmp1' size to 12 MB. Physically writing the file full; Please wait ...
2022-01-04 20:31:05 0 [Note] InnoDB: File 'C:\xampp\mysql\data\ibtmp1' size is now 12 MB.
2022-01-04 20:31:05 0 [Note] InnoDB: Waiting for purge to start
2022-01-04 20:31:05 0 [Note] InnoDB: 10.4.22 started; log sequence number 31394091; transaction id 60839
2022-01-04 20:31:05 0 [Note] InnoDB: Loading buffer pool(s) from C:\xampp\mysql\data\ib_buffer_pool
2022-01-04 20:31:05 0 [Note] Plugin 'FEEDBACK' is disabled.
2022-01-04 20:31:05 0 [Note] InnoDB: Buffer pool(s) load completed at 220104 20:31:05
2022-01-04 20:31:05 0 [Note] Server socket created on IP: '::'.
=======
2022-01-03 20:32:14 0 [Note] InnoDB: Mutexes and rw_locks use Windows interlocked functions
2022-01-03 20:32:14 0 [Note] InnoDB: Uses event mutexes
2022-01-03 20:32:14 0 [Note] InnoDB: Compressed tables use zlib 1.2.11
2022-01-03 20:32:14 0 [Note] InnoDB: Number of pools: 1
2022-01-03 20:32:14 0 [Note] InnoDB: Using SSE2 crc32 instructions
2022-01-03 20:32:14 0 [Note] InnoDB: Initializing buffer pool, total size = 16M, instances = 1, chunk size = 16M
2022-01-03 20:32:14 0 [Note] InnoDB: Completed initialization of buffer pool
2022-01-03 20:32:14 0 [Note] InnoDB: Starting crash recovery from checkpoint LSN=28155277
2022-01-03 20:32:16 0 [Note] InnoDB: 128 out of 128 rollback segments are active.
2022-01-03 20:32:16 0 [Note] InnoDB: Removed temporary tablespace data file: "ibtmp1"
2022-01-03 20:32:16 0 [Note] InnoDB: Creating shared tablespace for temporary tables
2022-01-03 20:32:16 0 [Note] InnoDB: Setting file 'C:\xampp\mysql\data\ibtmp1' size to 12 MB. Physically writing the file full; Please wait ...
2022-01-03 20:32:16 0 [Note] InnoDB: File 'C:\xampp\mysql\data\ibtmp1' size is now 12 MB.
2022-01-03 20:32:16 0 [Note] InnoDB: Waiting for purge to start
2022-01-03 20:32:16 0 [Note] InnoDB: 10.4.22 started; log sequence number 28155286; transaction id 57680
2022-01-03 20:32:16 0 [Note] InnoDB: Loading buffer pool(s) from C:\xampp\mysql\data\ib_buffer_pool
2022-01-03 20:32:16 0 [Note] Plugin 'FEEDBACK' is disabled.
2022-01-03 20:32:16 0 [Note] InnoDB: Buffer pool(s) load completed at 220103 20:32:16
2022-01-03 20:32:16 0 [Note] Server socket created on IP: '::'.
2022-01-04  9:20:17 0 [Note] InnoDB: Mutexes and rw_locks use Windows interlocked functions
2022-01-04  9:20:17 0 [Note] InnoDB: Uses event mutexes
2022-01-04  9:20:17 0 [Note] InnoDB: Compressed tables use zlib 1.2.11
2022-01-04  9:20:17 0 [Note] InnoDB: Number of pools: 1
2022-01-04  9:20:17 0 [Note] InnoDB: Using SSE2 crc32 instructions
2022-01-04  9:20:17 0 [Note] InnoDB: Initializing buffer pool, total size = 16M, instances = 1, chunk size = 16M
2022-01-04  9:20:17 0 [Note] InnoDB: Completed initialization of buffer pool
2022-01-04  9:20:18 0 [Note] InnoDB: Starting crash recovery from checkpoint LSN=28229348
2022-01-04  9:20:22 0 [Note] InnoDB: 128 out of 128 rollback segments are active.
2022-01-04  9:20:22 0 [Note] InnoDB: Removed temporary tablespace data file: "ibtmp1"
2022-01-04  9:20:22 0 [Note] InnoDB: Creating shared tablespace for temporary tables
2022-01-04  9:20:22 0 [Note] InnoDB: Setting file 'C:\xampp\mysql\data\ibtmp1' size to 12 MB. Physically writing the file full; Please wait ...
2022-01-04  9:20:22 0 [Note] InnoDB: File 'C:\xampp\mysql\data\ibtmp1' size is now 12 MB.
2022-01-04  9:20:22 0 [Note] InnoDB: Waiting for purge to start
2022-01-04  9:20:22 0 [Note] InnoDB: 10.4.22 started; log sequence number 28229357; transaction id 57805
2022-01-04  9:20:22 0 [Note] InnoDB: Loading buffer pool(s) from C:\xampp\mysql\data\ib_buffer_pool
2022-01-04  9:20:22 0 [Note] Plugin 'FEEDBACK' is disabled.
2022-01-04  9:20:22 0 [Note] InnoDB: Buffer pool(s) load completed at 220104  9:20:22
2022-01-04  9:20:22 0 [Note] Server socket created on IP: '::'.
2022-01-04 15:34:02 0 [Note] InnoDB: Mutexes and rw_locks use Windows interlocked functions
2022-01-04 15:34:02 0 [Note] InnoDB: Uses event mutexes
2022-01-04 15:34:02 0 [Note] InnoDB: Compressed tables use zlib 1.2.11
2022-01-04 15:34:02 0 [Note] InnoDB: Number of pools: 1
2022-01-04 15:34:02 0 [Note] InnoDB: Using SSE2 crc32 instructions
2022-01-04 15:34:02 0 [Note] InnoDB: Initializing buffer pool, total size = 16M, instances = 1, chunk size = 16M
2022-01-04 15:34:02 0 [Note] InnoDB: Completed initialization of buffer pool
2022-01-04 15:34:02 0 [Note] InnoDB: Starting crash recovery from checkpoint LSN=28255107
2022-01-04 15:34:05 0 [Note] InnoDB: 128 out of 128 rollback segments are active.
2022-01-04 15:34:05 0 [Note] InnoDB: Removed temporary tablespace data file: "ibtmp1"
2022-01-04 15:34:05 0 [Note] InnoDB: Creating shared tablespace for temporary tables
2022-01-04 15:34:05 0 [Note] InnoDB: Setting file 'C:\xampp\mysql\data\ibtmp1' size to 12 MB. Physically writing the file full; Please wait ...
2022-01-04 15:34:05 0 [Note] InnoDB: File 'C:\xampp\mysql\data\ibtmp1' size is now 12 MB.
2022-01-04 15:34:05 0 [Note] InnoDB: Waiting for purge to start
2022-01-04 15:34:05 0 [Note] InnoDB: 10.4.22 started; log sequence number 28255116; transaction id 57892
2022-01-04 15:34:05 0 [Note] InnoDB: Loading buffer pool(s) from C:\xampp\mysql\data\ib_buffer_pool
2022-01-04 15:34:05 0 [Note] Plugin 'FEEDBACK' is disabled.
2022-01-04 15:34:05 0 [Note] InnoDB: Buffer pool(s) load completed at 220104 15:34:05
2022-01-04 15:34:06 0 [Note] Server socket created on IP: '::'.
>>>>>>> main
2022-01-05 15:03:57 0 [Note] InnoDB: Mutexes and rw_locks use Windows interlocked functions
2022-01-05 15:03:57 0 [Note] InnoDB: Uses event mutexes
2022-01-05 15:03:57 0 [Note] InnoDB: Compressed tables use zlib 1.2.11
2022-01-05 15:03:57 0 [Note] InnoDB: Number of pools: 1
2022-01-05 15:03:57 0 [Note] InnoDB: Using SSE2 crc32 instructions
2022-01-05 15:03:57 0 [Note] InnoDB: Initializing buffer pool, total size = 16M, instances = 1, chunk size = 16M
2022-01-05 15:03:57 0 [Note] InnoDB: Completed initialization of buffer pool
2022-01-05 15:03:57 0 [Note] InnoDB: Starting crash recovery from checkpoint LSN=31897159
2022-01-05 15:04:00 0 [Note] InnoDB: 128 out of 128 rollback segments are active.
2022-01-05 15:04:00 0 [Note] InnoDB: Removed temporary tablespace data file: "ibtmp1"
2022-01-05 15:04:00 0 [Note] InnoDB: Creating shared tablespace for temporary tables
2022-01-05 15:04:00 0 [Note] InnoDB: Setting file 'C:\xampp\mysql\data\ibtmp1' size to 12 MB. Physically writing the file full; Please wait ...
2022-01-05 15:04:00 0 [Note] InnoDB: File 'C:\xampp\mysql\data\ibtmp1' size is now 12 MB.
2022-01-05 15:04:00 0 [Note] InnoDB: Waiting for purge to start
2022-01-05 15:04:00 0 [Note] InnoDB: 10.4.22 started; log sequence number 31897168; transaction id 61422
2022-01-05 15:04:00 0 [Note] InnoDB: Loading buffer pool(s) from C:\xampp\mysql\data\ib_buffer_pool
2022-01-05 15:04:00 0 [Note] Plugin 'FEEDBACK' is disabled.
2022-01-05 15:04:00 0 [Note] InnoDB: Buffer pool(s) load completed at 220105 15:04:00
2022-01-05 15:04:00 0 [Note] Server socket created on IP: '::'.
